<?xml version="1.0" encoding="UTF-8"?>
<!-- Generated by org.testng.reporters.JUnitReportReporter -->
<testsuite skipped="0" hostname="LAPTOP-3A2IH7KK" name="Test.RegisterTest" tests="1" failures="0" timestamp="2021-04-09T18:31:01 IST" time="0.032" errors="0">
  <testcase name="Register" time="0.032" classname="Test.RegisterTest"/>
  <system-out/>
</testsuite> <!-- Test.RegisterTest -->
