<?xml version="1.0" encoding="UTF-8"?>
<!-- Generated by org.testng.reporters.JUnitReportReporter -->
<testsuite skipped="0" hostname="LAPTOP-3A2IH7KK" name="FunctionalTestSuite.DemoBlaze.SignUpTest" tests="1" failures="0" timestamp="2021-04-15T14:48:46 IST" time="7.319" errors="0">
  <testcase name="signUpValidation" time="7.319" classname="FunctionalTestSuite.DemoBlaze.SignUpTest"/>
  <system-out/>
</testsuite> <!-- FunctionalTestSuite.DemoBlaze.SignUpTest -->
