<?xml version="1.0" encoding="UTF-8"?>
<!-- Generated by org.testng.reporters.JUnitReportReporter -->
<testsuite skipped="0" hostname="LAPTOP-3A2IH7KK" name="FunctionalTestSuite.DemoBlaze.HomePage" tests="2" failures="0" timestamp="2021-04-09T11:53:06 IST" time="21.782" errors="0">
  <testcase name="HomePageValidation" time="21.776" classname="FunctionalTestSuite.DemoBlaze.HomePage"/>
  <system-out/>
  <testcase name="config" time="0.006" classname="FunctionalTestSuite.DemoBlaze.HomePage"/>
  <system-out/>
</testsuite> <!-- FunctionalTestSuite.DemoBlaze.HomePage -->
