<?xml version="1.0" encoding="UTF-8"?>
<!-- Generated by org.testng.reporters.JUnitReportReporter -->
<testsuite skipped="0" hostname="LAPTOP-3A2IH7KK" name="FunctionalTestSuite.DemoBlaze.LoginTest" tests="1" failures="0" timestamp="2021-04-06T15:23:17 IST" time="0.007" errors="0">
  <testcase name="LoginValidation" time="0.007" classname="FunctionalTestSuite.DemoBlaze.LoginTest"/>
  <system-out/>
</testsuite> <!-- FunctionalTestSuite.DemoBlaze.LoginTest -->
