<?xml version="1.0" encoding="UTF-8"?>
<!-- Generated by org.testng.reporters.JUnitReportReporter -->
<testsuite skipped="0" hostname="LAPTOP-3A2IH7KK" name="FunctionalTestSuite.DemoBlaze.HomePage" tests="1" failures="0" timestamp="2021-04-06T15:13:21 IST" time="0.006" errors="0">
  <testcase name="HomePageValidation" time="0.006" classname="FunctionalTestSuite.DemoBlaze.HomePage"/>
  <system-out/>
</testsuite> <!-- FunctionalTestSuite.DemoBlaze.HomePage -->
